2022-08-29 17:30:21,514 [main] INFO io.github.bonigarcia.wdm.WebDriverManager - Using chromedriver 104.0.5112.79 (resolved driver for Chrome 104)
2022-08-29 17:30:21,536 [main] INFO io.github.bonigarcia.wdm.WebDriverManager - Exporting webdriver.chrome.driver as C:\Users\Owner\.cache\selenium\chromedriver\win32\104.0.5112.79\chromedriver.exe
2022-08-29 17:47:10,055 [main] INFO io.github.bonigarcia.wdm.WebDriverManager - Using chromedriver 104.0.5112.79 (resolved driver for Chrome 104)
2022-08-29 17:47:10,067 [main] INFO io.github.bonigarcia.wdm.WebDriverManager - Exporting webdriver.chrome.driver as C:\Users\Owner\.cache\selenium\chromedriver\win32\104.0.5112.79\chromedriver.exe
2022-08-29 17:50:17,959 [main] INFO io.github.bonigarcia.wdm.WebDriverManager - Using chromedriver 104.0.5112.79 (resolved driver for Chrome 104)
2022-08-29 17:50:17,972 [main] INFO io.github.bonigarcia.wdm.WebDriverManager - Exporting webdriver.chrome.driver as C:\Users\Owner\.cache\selenium\chromedriver\win32\104.0.5112.79\chromedriver.exe
2022-08-29 17:50:49,243 [main] INFO io.github.bonigarcia.wdm.WebDriverManager - Using chromedriver 104.0.5112.79 (resolved driver for Chrome 104)
2022-08-29 17:50:49,255 [main] INFO io.github.bonigarcia.wdm.WebDriverManager - Exporting webdriver.chrome.driver as C:\Users\Owner\.cache\selenium\chromedriver\win32\104.0.5112.79\chromedriver.exe
2022-08-29 17:51:12,485 [main] INFO io.github.bonigarcia.wdm.WebDriverManager - Using chromedriver 104.0.5112.79 (resolved driver for Chrome 104)
2022-08-29 17:51:12,498 [main] INFO io.github.bonigarcia.wdm.WebDriverManager - Exporting webdriver.chrome.driver as C:\Users\Owner\.cache\selenium\chromedriver\win32\104.0.5112.79\chromedriver.exe
2022-08-29 20:28:46,794 [main] INFO io.github.bonigarcia.wdm.WebDriverManager - Using chromedriver 104.0.5112.79 (resolved driver for Chrome 104)
2022-08-29 20:28:46,806 [main] INFO io.github.bonigarcia.wdm.WebDriverManager - Exporting webdriver.chrome.driver as C:\Users\Owner\.cache\selenium\chromedriver\win32\104.0.5112.79\chromedriver.exe
2022-08-29 20:29:20,960 [main] INFO io.github.bonigarcia.wdm.WebDriverManager - Using chromedriver 104.0.5112.79 (resolved driver for Chrome 104)
2022-08-29 20:29:20,976 [main] INFO io.github.bonigarcia.wdm.WebDriverManager - Exporting webdriver.chrome.driver as C:\Users\Owner\.cache\selenium\chromedriver\win32\104.0.5112.79\chromedriver.exe
2022-08-29 21:07:07,823 [main] INFO io.github.bonigarcia.wdm.WebDriverManager - Using chromedriver 104.0.5112.79 (resolved driver for Chrome 104)
2022-08-29 21:07:07,834 [main] INFO io.github.bonigarcia.wdm.WebDriverManager - Exporting webdriver.chrome.driver as C:\Users\Owner\.cache\selenium\chromedriver\win32\104.0.5112.79\chromedriver.exe
2022-08-29 21:07:28,891 [main] INFO io.github.bonigarcia.wdm.WebDriverManager - Using chromedriver 104.0.5112.79 (resolved driver for Chrome 104)
2022-08-29 21:07:28,903 [main] INFO io.github.bonigarcia.wdm.WebDriverManager - Exporting webdriver.chrome.driver as C:\Users\Owner\.cache\selenium\chromedriver\win32\104.0.5112.79\chromedriver.exe
2022-08-29 21:15:50,857 [main] INFO io.github.bonigarcia.wdm.WebDriverManager - Using chromedriver 104.0.5112.79 (resolved driver for Chrome 104)
2022-08-29 21:15:50,868 [main] INFO io.github.bonigarcia.wdm.WebDriverManager - Exporting webdriver.chrome.driver as C:\Users\Owner\.cache\selenium\chromedriver\win32\104.0.5112.79\chromedriver.exe
2022-08-29 21:19:06,836 [main] INFO io.github.bonigarcia.wdm.WebDriverManager - Using chromedriver 104.0.5112.79 (resolved driver for Chrome 104)
2022-08-29 21:19:06,846 [main] INFO io.github.bonigarcia.wdm.WebDriverManager - Exporting webdriver.chrome.driver as C:\Users\Owner\.cache\selenium\chromedriver\win32\104.0.5112.79\chromedriver.exe
2022-08-29 21:20:42,687 [main] INFO io.github.bonigarcia.wdm.WebDriverManager - Using chromedriver 104.0.5112.79 (resolved driver for Chrome 104)
2022-08-29 21:20:42,697 [main] INFO io.github.bonigarcia.wdm.WebDriverManager - Exporting webdriver.chrome.driver as C:\Users\Owner\.cache\selenium\chromedriver\win32\104.0.5112.79\chromedriver.exe
2022-08-29 21:22:03,030 [main] INFO io.github.bonigarcia.wdm.WebDriverManager - Using chromedriver 104.0.5112.79 (resolved driver for Chrome 104)
2022-08-29 21:22:03,043 [main] INFO io.github.bonigarcia.wdm.WebDriverManager - Exporting webdriver.chrome.driver as C:\Users\Owner\.cache\selenium\chromedriver\win32\104.0.5112.79\chromedriver.exe
2022-08-29 21:22:54,542 [main] INFO io.github.bonigarcia.wdm.WebDriverManager - Using chromedriver 104.0.5112.79 (resolved driver for Chrome 104)
2022-08-29 21:22:54,554 [main] INFO io.github.bonigarcia.wdm.WebDriverManager - Exporting webdriver.chrome.driver as C:\Users\Owner\.cache\selenium\chromedriver\win32\104.0.5112.79\chromedriver.exe
2022-08-29 23:16:18,716 [main] INFO io.github.bonigarcia.wdm.WebDriverManager - Using chromedriver 104.0.5112.79 (resolved driver for Chrome 104)
2022-08-29 23:16:18,726 [main] INFO io.github.bonigarcia.wdm.WebDriverManager - Exporting webdriver.chrome.driver as C:\Users\Owner\.cache\selenium\chromedriver\win32\104.0.5112.79\chromedriver.exe
2022-08-29 23:22:15,752 [main] INFO io.github.bonigarcia.wdm.WebDriverManager - Using chromedriver 104.0.5112.79 (resolved driver for Chrome 104)
2022-08-29 23:22:15,762 [main] INFO io.github.bonigarcia.wdm.WebDriverManager - Exporting webdriver.chrome.driver as C:\Users\Owner\.cache\selenium\chromedriver\win32\104.0.5112.79\chromedriver.exe
2022-08-30 09:57:42,124 [main] INFO io.github.bonigarcia.wdm.WebDriverManager - Using chromedriver 104.0.5112.79 (resolved driver for Chrome 104)
2022-08-30 09:57:42,136 [main] INFO io.github.bonigarcia.wdm.WebDriverManager - Exporting webdriver.chrome.driver as C:\Users\Owner\.cache\selenium\chromedriver\win32\104.0.5112.79\chromedriver.exe
2022-08-30 10:01:07,620 [main] INFO io.github.bonigarcia.wdm.WebDriverManager - Using chromedriver 104.0.5112.79 (resolved driver for Chrome 104)
2022-08-30 10:01:07,630 [main] INFO io.github.bonigarcia.wdm.WebDriverManager - Exporting webdriver.chrome.driver as C:\Users\Owner\.cache\selenium\chromedriver\win32\104.0.5112.79\chromedriver.exe
2022-08-30 11:20:37,305 [main] INFO io.github.bonigarcia.wdm.WebDriverManager - Using chromedriver 104.0.5112.79 (resolved driver for Chrome 104)
2022-08-30 11:20:37,317 [main] INFO io.github.bonigarcia.wdm.WebDriverManager - Exporting webdriver.chrome.driver as C:\Users\Owner\.cache\selenium\chromedriver\win32\104.0.5112.79\chromedriver.exe
2022-08-30 11:57:22,680 [main] INFO io.github.bonigarcia.wdm.WebDriverManager - Using chromedriver 104.0.5112.79 (resolved driver for Chrome 104)
2022-08-30 11:57:22,704 [main] INFO io.github.bonigarcia.wdm.WebDriverManager - Exporting webdriver.chrome.driver as C:\Users\Owner\.cache\selenium\chromedriver\win32\104.0.5112.79\chromedriver.exe
2022-08-30 11:57:57,136 [main] INFO io.github.bonigarcia.wdm.WebDriverManager - Using chromedriver 104.0.5112.79 (resolved driver for Chrome 104)
2022-08-30 11:57:57,149 [main] INFO io.github.bonigarcia.wdm.WebDriverManager - Exporting webdriver.chrome.driver as C:\Users\Owner\.cache\selenium\chromedriver\win32\104.0.5112.79\chromedriver.exe
2022-08-30 12:01:44,902 [main] INFO io.github.bonigarcia.wdm.WebDriverManager - Using chromedriver 104.0.5112.79 (resolved driver for Chrome 104)
2022-08-30 12:01:44,925 [main] INFO io.github.bonigarcia.wdm.WebDriverManager - Exporting webdriver.chrome.driver as C:\Users\Owner\.cache\selenium\chromedriver\win32\104.0.5112.79\chromedriver.exe
2022-08-30 13:23:35,572 [main] INFO io.github.bonigarcia.wdm.WebDriverManager - Using chromedriver 104.0.5112.79 (resolved driver for Chrome 104)
2022-08-30 13:23:35,585 [main] INFO io.github.bonigarcia.wdm.WebDriverManager - Exporting webdriver.chrome.driver as C:\Users\Owner\.cache\selenium\chromedriver\win32\104.0.5112.79\chromedriver.exe
2022-08-30 13:43:23,988 [main] INFO io.github.bonigarcia.wdm.WebDriverManager - Using chromedriver 104.0.5112.79 (resolved driver for Chrome 104)
2022-08-30 13:43:24,001 [main] INFO io.github.bonigarcia.wdm.WebDriverManager - Exporting webdriver.chrome.driver as C:\Users\Owner\.cache\selenium\chromedriver\win32\104.0.5112.79\chromedriver.exe
2022-08-30 13:45:20,161 [main] INFO io.github.bonigarcia.wdm.WebDriverManager - Using chromedriver 104.0.5112.79 (resolved driver for Chrome 104)
2022-08-30 13:45:20,172 [main] INFO io.github.bonigarcia.wdm.WebDriverManager - Exporting webdriver.chrome.driver as C:\Users\Owner\.cache\selenium\chromedriver\win32\104.0.5112.79\chromedriver.exe
2022-08-30 22:32:04,773 [main] INFO  Try To Get The Job QA-Murad - User able to open a any browser
2022-08-30 22:32:05,338 [main] INFO io.github.bonigarcia.wdm.WebDriverManager - Using chromedriver 104.0.5112.79 (resolved driver for Chrome 104)
2022-08-30 22:32:05,353 [main] INFO io.github.bonigarcia.wdm.WebDriverManager - Exporting webdriver.chrome.driver as C:\Users\Owner\.cache\selenium\chromedriver\win32\104.0.5112.79\chromedriver.exe
2022-08-30 22:32:06,421 [main] INFO  Try To Get The Job QA-Murad - user_able_to_enter_url
2022-08-30 22:32:08,347 [main] INFO  Try To Get The Job QA-Murad - User able to click on sign-in button
2022-08-30 22:32:09,166 [main] INFO  Try To Get The Job QA-Murad - User able to enter valid userName & password
2022-08-30 22:32:09,282 [main] INFO  Try To Get The Job QA-Murad - user_able_to_click_on_login_button
2022-08-30 22:32:09,338 [main] INFO  Try To Get The Job QA-Murad - User able to use zoopla application 
2022-08-30 22:36:17,984 [main] INFO  Try To Get The Job QA-Murad - User able to open a any browser
2022-08-30 22:36:18,183 [main] INFO io.github.bonigarcia.wdm.WebDriverManager - Using chromedriver 104.0.5112.79 (resolved driver for Chrome 104)
2022-08-30 22:36:18,192 [main] INFO io.github.bonigarcia.wdm.WebDriverManager - Exporting webdriver.chrome.driver as C:\Users\Owner\.cache\selenium\chromedriver\win32\104.0.5112.79\chromedriver.exe
2022-08-30 22:36:19,114 [main] INFO  Try To Get The Job QA-Murad - user_able_to_enter_url
2022-08-30 22:36:20,810 [main] INFO  Try To Get The Job QA-Murad - User able to click on sign-in button
2022-08-30 22:36:21,496 [main] INFO  Try To Get The Job QA-Murad - User able to enter valid userName & password
2022-08-30 22:36:21,605 [main] INFO  Try To Get The Job QA-Murad - user_able_to_click_on_login_button
2022-08-30 22:36:21,662 [main] INFO  Try To Get The Job QA-Murad - User able to use zoopla application 
2022-08-30 22:55:32,210 [main] INFO  Try To Get The Job QA-Murad - User able to open a any browser
2022-08-30 22:55:32,388 [main] INFO io.github.bonigarcia.wdm.WebDriverManager - Using chromedriver 104.0.5112.79 (resolved driver for Chrome 104)
2022-08-30 22:55:32,398 [main] INFO io.github.bonigarcia.wdm.WebDriverManager - Exporting webdriver.chrome.driver as C:\Users\Owner\.cache\selenium\chromedriver\win32\104.0.5112.79\chromedriver.exe
2022-08-30 22:55:33,306 [main] INFO  Try To Get The Job QA-Murad - user_able_to_enter_url
2022-08-30 22:55:35,118 [main] INFO  Try To Get The Job QA-Murad - User able to click on sign-in button
2022-08-30 22:55:35,810 [main] INFO  Try To Get The Job QA-Murad - User able to enter valid userName & password
2022-08-30 22:55:35,912 [main] INFO  Try To Get The Job QA-Murad - user_able_to_click_on_login_button
2022-08-30 22:55:35,959 [main] INFO  Try To Get The Job QA-Murad - User able to use zoopla application 
2022-08-30 23:10:20,112 [main] INFO  Try To Get The Job QA-Murad - User able to open a any browser
2022-08-30 23:10:20,291 [main] INFO io.github.bonigarcia.wdm.WebDriverManager - Using chromedriver 104.0.5112.79 (resolved driver for Chrome 104)
2022-08-30 23:10:20,301 [main] INFO io.github.bonigarcia.wdm.WebDriverManager - Exporting webdriver.chrome.driver as C:\Users\Owner\.cache\selenium\chromedriver\win32\104.0.5112.79\chromedriver.exe
2022-08-30 23:10:21,184 [main] INFO  Try To Get The Job QA-Murad - user_able_to_enter_url
2022-08-30 23:10:22,981 [main] INFO  Try To Get The Job QA-Murad - User able to click on sign-in button
2022-08-30 23:10:23,991 [main] INFO  Try To Get The Job QA-Murad - User able to enter valid userName & password
2022-08-30 23:10:24,096 [main] INFO  Try To Get The Job QA-Murad - user_able_to_click_on_login_button
2022-08-30 23:10:24,148 [main] INFO  Try To Get The Job QA-Murad - User able to use zoopla application 
2022-08-31 18:48:19,777 [main] INFO  Try To Get The Job QA-Murad - User able to open a any browser
2022-08-31 18:48:20,429 [main] INFO io.github.bonigarcia.wdm.WebDriverManager - Using chromedriver 104.0.5112.79 (resolved driver for Chrome 104)
2022-08-31 18:48:20,450 [main] INFO io.github.bonigarcia.wdm.WebDriverManager - Exporting webdriver.chrome.driver as C:\Users\Owner\.cache\selenium\chromedriver\win32\104.0.5112.79\chromedriver.exe
2022-08-31 18:48:21,761 [main] INFO  Try To Get The Job QA-Murad - user_able_to_enter_url
2022-08-31 18:48:24,196 [main] INFO  Try To Get The Job QA-Murad - User able to click on sign-in button
2022-08-31 18:48:25,273 [main] INFO  Try To Get The Job QA-Murad - User able to enter valid userName & password
2022-08-31 18:48:25,465 [main] INFO  Try To Get The Job QA-Murad - user_able_to_click_on_login_button
2022-08-31 18:48:25,534 [main] INFO  Try To Get The Job QA-Murad - User able to use zoopla application 
2022-08-31 18:55:19,206 [main] INFO  Try To Get The Job QA-Murad - User able to open a any browser
2022-08-31 18:55:19,419 [main] INFO io.github.bonigarcia.wdm.WebDriverManager - Using chromedriver 104.0.5112.79 (resolved driver for Chrome 104)
2022-08-31 18:55:19,430 [main] INFO io.github.bonigarcia.wdm.WebDriverManager - Exporting webdriver.chrome.driver as C:\Users\Owner\.cache\selenium\chromedriver\win32\104.0.5112.79\chromedriver.exe
2022-08-31 18:55:20,570 [main] INFO  Try To Get The Job QA-Murad - user_able_to_enter_url
2022-08-31 18:55:22,878 [main] INFO  Try To Get The Job QA-Murad - User able to click on sign-in button
2022-08-31 18:55:23,971 [main] INFO  Try To Get The Job QA-Murad - User able to enter valid userName & password
2022-08-31 18:55:24,170 [main] INFO  Try To Get The Job QA-Murad - user_able_to_click_on_login_button
2022-08-31 18:55:24,332 [main] INFO  Try To Get The Job QA-Murad - User able to use zoopla application 
2022-08-31 19:08:13,944 [main] INFO  Try To Get The Job QA-Murad - User able to open a any browser
2022-08-31 19:08:14,155 [main] INFO io.github.bonigarcia.wdm.WebDriverManager - Using chromedriver 104.0.5112.79 (resolved driver for Chrome 104)
2022-08-31 19:08:14,165 [main] INFO io.github.bonigarcia.wdm.WebDriverManager - Exporting webdriver.chrome.driver as C:\Users\Owner\.cache\selenium\chromedriver\win32\104.0.5112.79\chromedriver.exe
2022-08-31 19:08:15,193 [main] INFO  Try To Get The Job QA-Murad - user_able_to_enter_url
2022-08-31 19:08:17,714 [main] INFO  Try To Get The Job QA-Murad - User able to click on sign-in button
2022-08-31 19:08:18,873 [main] INFO  Try To Get The Job QA-Murad - User able to enter valid userName & password
2022-08-31 19:08:19,147 [main] INFO  Try To Get The Job QA-Murad - user_able_to_click_on_login_button
2022-08-31 19:08:19,295 [main] INFO  Try To Get The Job QA-Murad - User able to use zoopla application 
2022-08-31 20:05:25,440 [main] INFO  Try To Get The Job QA-Murad - User able to open a any browser
2022-08-31 20:05:26,579 [main] INFO io.github.bonigarcia.wdm.WebDriverManager - Using chromedriver 104.0.5112.79 (resolved driver for Chrome 104)
2022-08-31 20:05:26,604 [main] INFO io.github.bonigarcia.wdm.WebDriverManager - Exporting webdriver.chrome.driver as C:\Users\Owner\.cache\selenium\chromedriver\win32\104.0.5112.79\chromedriver.exe
2022-08-31 20:05:27,919 [main] INFO  Try To Get The Job QA-Murad - user_able_to_enter_url
2022-08-31 20:05:29,057 [main] INFO  Try To Get The Job QA-Murad - User able to click on sign-in button
2022-08-31 20:06:53,622 [main] INFO  Try To Get The Job QA-Murad - User able to open a any browser
2022-08-31 20:06:53,851 [main] INFO io.github.bonigarcia.wdm.WebDriverManager - Using chromedriver 104.0.5112.79 (resolved driver for Chrome 104)
2022-08-31 20:06:53,863 [main] INFO io.github.bonigarcia.wdm.WebDriverManager - Exporting webdriver.chrome.driver as C:\Users\Owner\.cache\selenium\chromedriver\win32\104.0.5112.79\chromedriver.exe
2022-08-31 20:06:54,899 [main] INFO  Try To Get The Job QA-Murad - user_able_to_enter_url
2022-08-31 20:06:56,935 [main] INFO  Try To Get The Job QA-Murad - User able to click on sign-in button
2022-08-31 20:06:58,717 [main] INFO  Try To Get The Job QA-Murad - User able to enter valid userName & password
2022-08-31 20:06:58,874 [main] INFO  Try To Get The Job QA-Murad - user_able_to_click_on_login_button
2022-08-31 20:06:58,952 [main] INFO  Try To Get The Job QA-Murad - User able to use zoopla application 
2022-08-31 20:37:29,471 [main] INFO  Try To Get The Job QA-Murad - User able to open a any browser
2022-08-31 20:37:29,681 [main] INFO io.github.bonigarcia.wdm.WebDriverManager - Using chromedriver 104.0.5112.79 (resolved driver for Chrome 104)
2022-08-31 20:37:29,693 [main] INFO io.github.bonigarcia.wdm.WebDriverManager - Exporting webdriver.chrome.driver as C:\Users\Owner\.cache\selenium\chromedriver\win32\104.0.5112.79\chromedriver.exe
2022-08-31 20:37:30,907 [main] INFO  Try To Get The Job QA-Murad - user_able_to_enter_url
2022-08-31 20:37:33,299 [main] INFO  Try To Get The Job QA-Murad - User able to click on sign-in button
2022-08-31 20:37:34,348 [main] INFO  Try To Get The Job QA-Murad - User able to enter valid userName & password
2022-08-31 20:37:34,467 [main] INFO  Try To Get The Job QA-Murad - user_able_to_click_on_login_button
2022-08-31 20:37:34,522 [main] INFO  Try To Get The Job QA-Murad - User able to use zoopla application 
2022-08-31 20:56:49,209 [main] INFO  Try To Get The Job QA-Murad - User able to open a any browser
2022-08-31 20:56:49,348 [main] INFO io.github.bonigarcia.wdm.WebDriverManager - Using chromedriver 104.0.5112.79 (resolved driver for Chrome 104)
2022-08-31 20:56:49,356 [main] INFO io.github.bonigarcia.wdm.WebDriverManager - Exporting webdriver.chrome.driver as C:\Users\Owner\.cache\selenium\chromedriver\win32\104.0.5112.79\chromedriver.exe
2022-08-31 20:56:50,414 [main] INFO  Try To Get The Job QA-Murad - user_able_to_enter_url
2022-08-31 20:56:53,368 [main] INFO  Try To Get The Job QA-Murad - User able to click on sign-in button
2022-08-31 20:56:54,839 [main] INFO  Try To Get The Job QA-Murad - User able to enter valid userName & password
2022-08-31 20:56:55,140 [main] INFO  Try To Get The Job QA-Murad - user_able_to_click_on_login_button
2022-08-31 20:56:55,290 [main] INFO  Try To Get The Job QA-Murad - User able to use zoopla application 
2022-08-31 20:57:49,888 [main] INFO  Try To Get The Job QA-Murad - User able to open a any browser
2022-08-31 20:57:50,121 [main] INFO io.github.bonigarcia.wdm.WebDriverManager - Using chromedriver 104.0.5112.79 (resolved driver for Chrome 104)
2022-08-31 20:57:50,130 [main] INFO io.github.bonigarcia.wdm.WebDriverManager - Exporting webdriver.chrome.driver as C:\Users\Owner\.cache\selenium\chromedriver\win32\104.0.5112.79\chromedriver.exe
2022-08-31 20:57:51,158 [main] INFO  Try To Get The Job QA-Murad - user_able_to_enter_url
2022-08-31 20:57:53,654 [main] INFO  Try To Get The Job QA-Murad - User able to click on sign-in button
2022-08-31 20:57:55,059 [main] INFO  Try To Get The Job QA-Murad - User able to enter valid userName & password
2022-08-31 20:57:55,215 [main] INFO  Try To Get The Job QA-Murad - user_able_to_click_on_login_button
2022-08-31 20:57:55,268 [main] INFO  Try To Get The Job QA-Murad - User able to use zoopla application 
2022-08-31 21:16:43,362 [main] INFO  Try To Get The Job QA-Murad - User able to open a any browser
2022-08-31 21:16:44,514 [main] INFO io.github.bonigarcia.wdm.WebDriverManager - Using chromedriver 104.0.5112.79 (resolved driver for Chrome 104)
2022-08-31 21:16:44,523 [main] INFO io.github.bonigarcia.wdm.WebDriverManager - Exporting webdriver.chrome.driver as C:\Users\Owner\.cache\selenium\chromedriver\win32\104.0.5112.79\chromedriver.exe
2022-08-31 21:16:45,534 [main] INFO  Try To Get The Job QA-Murad - user_able_to_enter_url
2022-08-31 21:16:47,457 [main] INFO  Try To Get The Job QA-Murad - User able to click on sign-in button
2022-08-31 21:16:48,590 [main] INFO  Try To Get The Job QA-Murad - User able to enter valid userName & password
2022-08-31 21:16:48,730 [main] INFO  Try To Get The Job QA-Murad - user_able_to_click_on_login_button
2022-08-31 21:16:48,786 [main] INFO  Try To Get The Job QA-Murad - User able to use zoopla application 
2022-08-31 21:18:26,178 [main] INFO  Try To Get The Job QA-Murad - User able to open a any browser
2022-08-31 21:18:26,419 [main] INFO io.github.bonigarcia.wdm.WebDriverManager - Using chromedriver 104.0.5112.79 (resolved driver for Chrome 104)
2022-08-31 21:18:26,430 [main] INFO io.github.bonigarcia.wdm.WebDriverManager - Exporting webdriver.chrome.driver as C:\Users\Owner\.cache\selenium\chromedriver\win32\104.0.5112.79\chromedriver.exe
2022-08-31 21:18:27,391 [main] INFO  Try To Get The Job QA-Murad - user_able_to_enter_url
2022-08-31 21:18:28,508 [main] INFO  Try To Get The Job QA-Murad - User able to click on sign-in button
2022-08-31 21:21:20,971 [main] INFO  Try To Get The Job QA-Murad - User able to open a any browser
2022-08-31 21:21:21,187 [main] INFO io.github.bonigarcia.wdm.WebDriverManager - Using chromedriver 104.0.5112.79 (resolved driver for Chrome 104)
2022-08-31 21:21:21,198 [main] INFO io.github.bonigarcia.wdm.WebDriverManager - Exporting webdriver.chrome.driver as C:\Users\Owner\.cache\selenium\chromedriver\win32\104.0.5112.79\chromedriver.exe
2022-08-31 21:21:22,144 [main] INFO  Try To Get The Job QA-Murad - user_able_to_enter_url
2022-08-31 21:21:24,601 [main] INFO  Try To Get The Job QA-Murad - User able to click on sign-in button
2022-08-31 21:21:25,575 [main] INFO  Try To Get The Job QA-Murad - User able to enter valid userName & password
2022-08-31 21:21:25,790 [main] INFO  Try To Get The Job QA-Murad - user_able_to_click_on_login_button
2022-08-31 21:21:25,927 [main] INFO  Try To Get The Job QA-Murad - User able to use zoopla application 
2022-08-31 21:25:27,610 [main] INFO  Try To Get The Job QA-Murad - User able to open a any browser
2022-08-31 21:25:27,734 [main] INFO io.github.bonigarcia.wdm.WebDriverManager - Using chromedriver 104.0.5112.79 (resolved driver for Chrome 104)
2022-08-31 21:25:27,743 [main] INFO io.github.bonigarcia.wdm.WebDriverManager - Exporting webdriver.chrome.driver as C:\Users\Owner\.cache\selenium\chromedriver\win32\104.0.5112.79\chromedriver.exe
2022-08-31 21:25:28,826 [main] INFO  Try To Get The Job QA-Murad - user_able_to_enter_url
2022-08-31 21:25:30,836 [main] INFO  Try To Get The Job QA-Murad - User able to click on sign-in button
2022-08-31 21:25:32,006 [main] INFO  Try To Get The Job QA-Murad - User able to enter valid userName & password
2022-08-31 21:25:32,138 [main] INFO  Try To Get The Job QA-Murad - user_able_to_click_on_login_button
2022-08-31 21:25:32,210 [main] INFO  Try To Get The Job QA-Murad - User able to use zoopla application 
2022-09-01 12:42:44,899 [main] INFO  Try To Get The Job QA-Murad - User able to open a any browser
2022-09-01 12:42:45,949 [main] INFO io.github.bonigarcia.wdm.WebDriverManager - Using chromedriver 104.0.5112.79 (resolved driver for Chrome 104)
2022-09-01 12:42:45,984 [main] INFO io.github.bonigarcia.wdm.WebDriverManager - Exporting webdriver.chrome.driver as C:\Users\Owner\.cache\selenium\chromedriver\win32\104.0.5112.79\chromedriver.exe
2022-09-01 12:42:47,255 [main] INFO  Try To Get The Job QA-Murad - user_able_to_enter_url
2022-09-01 12:42:52,089 [main] INFO  Try To Get The Job QA-Murad - User able to click on sign-in button
2022-09-01 12:42:53,349 [main] INFO  Try To Get The Job QA-Murad - User able to enter valid userName & password
2022-09-01 12:42:53,654 [main] INFO  Try To Get The Job QA-Murad - user_able_to_click_on_login_button
2022-09-01 12:42:53,822 [main] INFO  Try To Get The Job QA-Murad - User able to use zoopla application 
2022-09-01 15:01:52,096 [main] INFO  Try To Get The Job QA-Murad - User able to open a any browser
2022-09-01 15:01:52,769 [main] INFO io.github.bonigarcia.wdm.WebDriverManager - Using chromedriver 104.0.5112.79 (resolved driver for Chrome 104)
2022-09-01 15:01:52,792 [main] INFO io.github.bonigarcia.wdm.WebDriverManager - Exporting webdriver.chrome.driver as C:\Users\Owner\.cache\selenium\chromedriver\win32\104.0.5112.79\chromedriver.exe
2022-09-01 15:01:53,950 [main] INFO  Try To Get The Job QA-Murad - user_able_to_enter_url
2022-09-01 15:01:59,063 [main] INFO  Try To Get The Job QA-Murad - User able to click on sign-in button
2022-09-01 15:02:00,024 [main] INFO  Try To Get The Job QA-Murad - User able to enter valid userName & password
2022-09-01 15:02:00,184 [main] INFO  Try To Get The Job QA-Murad - user_able_to_click_on_login_button
2022-09-01 15:02:00,281 [main] INFO  Try To Get The Job QA-Murad - User able to use zoopla application 
